<?xml version="1.0" encoding="UTF-8"?>
<!-- Generated by org.testng.reporters.JUnitXMLReporter -->
<testsuite hostname="LGDN18-1211-W10" name="TestChrome" tests="1" failures="0" timestamp="19 Dec 2019 07:08:55 GMT" time="22.312" errors="0">
  <testcase name="@BeforeClass beforeClass" time="0.0" classname="joomla.testcase.TcJoomlaContacts001">
    <failure type="org.openqa.selenium.SessionNotCreatedException" message="session not created
from chrome not reachable
  (Session info: chrome=79.0.3945.88)
Build info: version: &amp;apos;3.141.59&amp;apos;, revision: &amp;apos;e82be7d358&amp;apos;, time: &amp;apos;2018-11-14T08:17:03&amp;apos;
System info: host: &amp;apos;LGDN18-1211-W10&amp;apos;, ip: &amp;apos;192.168.190.247&amp;apos;, os.name: &amp;apos;Windows 10&amp;apos;, os.arch: &amp;apos;x86&amp;apos;, os.version: &amp;apos;10.0&amp;apos;, java.version: &amp;apos;1.8.0_91&amp;apos;
Driver info: driver.version: ChromeDriver
remote stacktrace: Backtrace:
	Ordinal0 [0x00BAA113+1548563]
	Ordinal0 [0x00B2DDA1+1039777]
	Ordinal0 [0x00AAE32E+516910]
	Ordinal0 [0x00AA8012+491538]
	Ordinal0 [0x00AA86EB+493291]
	Ordinal0 [0x00AA9855+497749]
	Ordinal0 [0x00AA5885+481413]
	Ordinal0 [0x00AAF0D0+520400]
	Ordinal0 [0x00A5C030+180272]
	Ordinal0 [0x00A5B59D+177565]
	Ordinal0 [0x00A595FB+169467]
	Ordinal0 [0x00A4160A+71178]
	Ordinal0 [0x00A42690+75408]
	Ordinal0 [0x00A42629+75305]
	Ordinal0 [0x00B471B7+1143223]
	GetHandleVerifier [0x00C42B46+507814]
	GetHandleVerifier [0x00C42864+507076]
	GetHandleVerifier [0x00C49F47+537511]
	GetHandleVerifier [0x00C43402+510050]
	Ordinal0 [0x00B3F29C+1110684]
	Ordinal0 [0x00B4938B+1151883]
	Ordinal0 [0x00B494F3+1152243]
	Ordinal0 [0x00B483F5+1147893]
	BaseThreadInitThunk [0x75E76359+25]
	RtlGetAppContainerNamedObjectPath [0x776E7B74+228]
	RtlGetAppContainerNamedObjectPath [0x776E7B44+180]
">
      <![CDATA[org.openqa.selenium.SessionNotCreatedException: session not created
from chrome not reachable
  (Session info: chrome=79.0.3945.88)
Build info: version: '3.141.59', revision: 'e82be7d358', time: '2018-11-14T08:17:03'
System info: host: 'LGDN18-1211-W10', ip: '192.168.190.247', os.name: 'Windows 10', os.arch: 'x86', os.version: '10.0', java.version: '1.8.0_91'
Driver info: driver.version: ChromeDriver
remote stacktrace: Backtrace:
	Ordinal0 [0x00BAA113+1548563]
	Ordinal0 [0x00B2DDA1+1039777]
	Ordinal0 [0x00AAE32E+516910]
	Ordinal0 [0x00AA8012+491538]
	Ordinal0 [0x00AA86EB+493291]
	Ordinal0 [0x00AA9855+497749]
	Ordinal0 [0x00AA5885+481413]
	Ordinal0 [0x00AAF0D0+520400]
	Ordinal0 [0x00A5C030+180272]
	Ordinal0 [0x00A5B59D+177565]
	Ordinal0 [0x00A595FB+169467]
	Ordinal0 [0x00A4160A+71178]
	Ordinal0 [0x00A42690+75408]
	Ordinal0 [0x00A42629+75305]
	Ordinal0 [0x00B471B7+1143223]
	GetHandleVerifier [0x00C42B46+507814]
	GetHandleVerifier [0x00C42864+507076]
	GetHandleVerifier [0x00C49F47+537511]
	GetHandleVerifier [0x00C43402+510050]
	Ordinal0 [0x00B3F29C+1110684]
	Ordinal0 [0x00B4938B+1151883]
	Ordinal0 [0x00B494F3+1152243]
	Ordinal0 [0x00B483F5+1147893]
	BaseThreadInitThunk [0x75E76359+25]
	RtlGetAppContainerNamedObjectPath [0x776E7B74+228]
	RtlGetAppContainerNamedObjectPath [0x776E7B44+180]

	at org.openqa.selenium.remote.W3CHandshakeResponse.lambda$errorHandler$0(W3CHandshakeResponse.java:62)
	at org.openqa.selenium.remote.HandshakeResponse.lambda$getResponseFunction$0(HandshakeResponse.java:30)
	at org.openqa.selenium.remote.ProtocolHandshake.lambda$createSession$0(ProtocolHandshake.java:126)
	at java.util.stream.ReferencePipeline$3$1.accept(ReferencePipeline.java:193)
	at java.util.Spliterators$ArraySpliterator.tryAdvance(Spliterators.java:958)
	at java.util.stream.ReferencePipeline.forEachWithCancel(ReferencePipeline.java:126)
	at java.util.stream.AbstractPipeline.copyIntoWithCancel(AbstractPipeline.java:498)
	at java.util.stream.AbstractPipeline.copyInto(AbstractPipeline.java:485)
	at java.util.stream.AbstractPipeline.wrapAndCopyInto(AbstractPipeline.java:471)
	at java.util.stream.FindOps$FindOp.evaluateSequential(FindOps.java:152)
	at java.util.stream.AbstractPipeline.evaluate(AbstractPipeline.java:234)
	at java.util.stream.ReferencePipeline.findFirst(ReferencePipeline.java:464)
	at org.openqa.selenium.remote.ProtocolHandshake.createSession(ProtocolHandshake.java:128)
	at org.openqa.selenium.remote.ProtocolHandshake.createSession(ProtocolHandshake.java:74)
	at org.openqa.selenium.remote.HttpCommandExecutor.execute(HttpCommandExecutor.java:136)
	at org.openqa.selenium.remote.service.DriverCommandExecutor.execute(DriverCommandExecutor.java:83)
	at org.openqa.selenium.remote.RemoteWebDriver.execute(RemoteWebDriver.java:552)
	at org.openqa.selenium.remote.RemoteWebDriver.startSession(RemoteWebDriver.java:213)
	at org.openqa.selenium.remote.RemoteWebDriver.<init>(RemoteWebDriver.java:131)
	at org.openqa.selenium.chrome.ChromeDriver.<init>(ChromeDriver.java:181)
	at org.openqa.selenium.chrome.ChromeDriver.<init>(ChromeDriver.java:168)
	at org.openqa.selenium.chrome.ChromeDriver.<init>(ChromeDriver.java:157)
	at joomla.common.SetUpBrowser.setupChromeBrowser(SetUpBrowser.java:20)
	at joomla.testcase.TestHelper.beforeClass(TestHelper.java:18)
... Removed 28 stack frames]]>
    </failure>
  </testcase> <!-- @BeforeClass beforeClass -->
  <testcase name="@AfterClass afterClass" time="0.0" classname="joomla.testcase.TcJoomlaContacts001">
    <skipped/>
  </testcase> <!-- @AfterClass afterClass -->
  <testcase name="tc001" time="0.001" classname="joomla.testcase.TcJoomlaContacts001">
    <skipped/>
  </testcase> <!-- tc001 -->
</testsuite> <!-- TestChrome -->
