<?xml version="1.0" encoding="UTF-8"?>
<!-- Generated by org.testng.reporters.JUnitXMLReporter -->
<testsuite hostname="LGDN18-1216-W10" name="Test" tests="1" failures="0" timestamp="20 Dec 2019 03:14:19 GMT" time="0.016" errors="0">
  <testcase name="@BeforeClass beforeClass" time="0.0" classname="joomla.testcase.TC_JOOMLA_ARTICLE_006">
    <failure type="org.testng.TestNGException" message="
Parameter &amp;apos;browser&amp;apos; is required by @Configuration on method beforeClass but has not been marked @Optional or defined
in D:\New Source Code\ANG\PhysicalLayer\Technologies\Agents\JAVA_Agent\FinalTest\src\test\resources\suites\TC_JOOMLA_ARTICLE_006_run.xml">
      <![CDATA[org.testng.TestNGException: 
Parameter 'browser' is required by @Configuration on method beforeClass but has not been marked @Optional or defined
in D:\New Source Code\ANG\PhysicalLayer\Technologies\Agents\JAVA_Agent\FinalTest\src\test\resources\suites\TC_JOOMLA_ARTICLE_006_run.xml
... Removed 21 stack frames]]>
    </failure>
  </testcase> <!-- @BeforeClass beforeClass -->
  <testcase name="TC006" time="0.016" classname="joomla.testcase.TC_JOOMLA_ARTICLE_006">
    <skipped/>
  </testcase> <!-- TC006 -->
</testsuite> <!-- Test -->
