<!DOCTYPE html PUBLIC "-//W3C//DTD XHTML 1.1//EN" "http://www.w3.org/TR/xhtml11/DTD/xhtml11.dtd">
<html xmlns="http://www.w3.org/1999/xhtml"><head><title>TestNG Report</title><style type="text/css">table {margin-bottom:10px;border-collapse:collapse;empty-cells:show}th,td {border:1px solid #009;padding:.25em .5em}th {vertical-align:bottom}td {vertical-align:top}table a {font-weight:bold}.stripe td {background-color: #E6EBF9}.num {text-align:right}.passedodd td {background-color: #3F3}.passedeven td {background-color: #0A0}.skippedodd td {background-color: #DDD}.skippedeven td {background-color: #CCC}.failedodd td,.attn {background-color: #F33}.failedeven td,.stripe .attn {background-color: #D00}.stacktrace {white-space:pre;font-family:monospace}.totop {font-size:85%;text-align:center;border-bottom:2px solid #000}</style></head><body><table><tr><th>Test</th><th># Passed</th><th># Skipped</th><th># Failed</th><th>Time (ms)</th><th>Included Groups</th><th>Excluded Groups</th></tr><tr><th colspan="7">Suite</th></tr><tr><td><a href="#t0">TestChrome</a></td><td class="num">0</td><td class="num attn">1</td><td class="num">0</td><td class="num">22,312</td><td></td><td></td></tr><tr class="stripe"><td><a href="#t1">TestFirefox</a></td><td class="num">0</td><td class="num attn">1</td><td class="num">0</td><td class="num">11,882</td><td></td><td></td></tr><tr><td><a href="#t2">TestIE</a></td><td class="num">0</td><td class="num">0</td><td class="num attn">1</td><td class="num">6,088</td><td></td><td></td></tr><tr><th>Total</th><th class="num">0</th><th class="num attn">2</th><th class="num attn">1</th><th class="num">40,282</th><th colspan="2"></th></tr></table><table><thead><tr><th>Class</th><th>Method</th><th>Start</th><th>Time (ms)</th></tr></thead><tbody><tr><th colspan="4">Suite</th></tr></tbody><tbody id="t0"><tr><th colspan="4">TestChrome &#8212; failed (configuration methods)</th></tr><tr class="failedeven"><td rowspan="1">joomla.testcase.TcJoomlaContacts001</td><td><a href="#m0">beforeClass</a></td><td rowspan="1">1576739313281</td><td rowspan="1">0</td></tr><tr><th colspan="4">TestChrome &#8212; skipped (configuration methods)</th></tr><tr class="skippedeven"><td rowspan="1">joomla.testcase.TcJoomlaContacts001</td><td><a href="#m1">afterClass</a></td><td rowspan="1">1576739335587</td><td rowspan="1">0</td></tr><tr><th colspan="4">TestChrome &#8212; skipped</th></tr><tr class="skippedeven"><td rowspan="1">joomla.testcase.TcJoomlaContacts001</td><td><a href="#m2">tc001</a></td><td rowspan="1">1576739335585</td><td rowspan="1">1</td></tr></tbody><tbody id="t1"><tr><th colspan="4">TestFirefox &#8212; failed (configuration methods)</th></tr><tr class="failedeven"><td rowspan="1">joomla.testcase.TcJoomlaContacts001</td><td><a href="#m3">beforeClass</a></td><td rowspan="1">1576739335616</td><td rowspan="1">0</td></tr><tr><th colspan="4">TestFirefox &#8212; skipped (configuration methods)</th></tr><tr class="skippedeven"><td rowspan="1">joomla.testcase.TcJoomlaContacts001</td><td><a href="#m4">afterClass</a></td><td rowspan="1">1576739347495</td><td rowspan="1">0</td></tr><tr><th colspan="4">TestFirefox &#8212; skipped</th></tr><tr class="skippedeven"><td rowspan="1">joomla.testcase.TcJoomlaContacts001</td><td><a href="#m5">tc001</a></td><td rowspan="1">1576739347490</td><td rowspan="1">2</td></tr></tbody><tbody id="t2"><tr><th colspan="4">TestIE &#8212; failed</th></tr><tr class="failedeven"><td rowspan="1">joomla.testcase.TcJoomlaContacts001</td><td><a href="#m6">tc001</a></td><td rowspan="1">1576739352998</td><td rowspan="1">32</td></tr></tbody></table><h2>TestChrome</h2><h3 id="m0">joomla.testcase.TcJoomlaContacts001#beforeClass</h3><table class="result"><tr class="param"><th>Parameter #1</th></tr><tr class="param stripe"><td>chrome</td></tr><tr><th>Exception</th></tr><tr><td><div class="stacktrace">org.openqa.selenium.SessionNotCreatedException: session not created
from chrome not reachable
  (Session info: chrome=79.0.3945.88)
Build info: version: &apos;3.141.59&apos;, revision: &apos;e82be7d358&apos;, time: &apos;2018-11-14T08:17:03&apos;
System info: host: &apos;LGDN18-1211-W10&apos;, ip: &apos;192.168.190.247&apos;, os.name: &apos;Windows 10&apos;, os.arch: &apos;x86&apos;, os.version: &apos;10.0&apos;, java.version: &apos;1.8.0_91&apos;
Driver info: driver.version: ChromeDriver
remote stacktrace: Backtrace:
	Ordinal0 [0x00BAA113+1548563]
	Ordinal0 [0x00B2DDA1+1039777]
	Ordinal0 [0x00AAE32E+516910]
	Ordinal0 [0x00AA8012+491538]
	Ordinal0 [0x00AA86EB+493291]
	Ordinal0 [0x00AA9855+497749]
	Ordinal0 [0x00AA5885+481413]
	Ordinal0 [0x00AAF0D0+520400]
	Ordinal0 [0x00A5C030+180272]
	Ordinal0 [0x00A5B59D+177565]
	Ordinal0 [0x00A595FB+169467]
	Ordinal0 [0x00A4160A+71178]
	Ordinal0 [0x00A42690+75408]
	Ordinal0 [0x00A42629+75305]
	Ordinal0 [0x00B471B7+1143223]
	GetHandleVerifier [0x00C42B46+507814]
	GetHandleVerifier [0x00C42864+507076]
	GetHandleVerifier [0x00C49F47+537511]
	GetHandleVerifier [0x00C43402+510050]
	Ordinal0 [0x00B3F29C+1110684]
	Ordinal0 [0x00B4938B+1151883]
	Ordinal0 [0x00B494F3+1152243]
	Ordinal0 [0x00B483F5+1147893]
	BaseThreadInitThunk [0x75E76359+25]
	RtlGetAppContainerNamedObjectPath [0x776E7B74+228]
	RtlGetAppContainerNamedObjectPath [0x776E7B44+180]

	at org.openqa.selenium.remote.W3CHandshakeResponse.lambda$errorHandler$0(W3CHandshakeResponse.java:62)
	at org.openqa.selenium.remote.HandshakeResponse.lambda$getResponseFunction$0(HandshakeResponse.java:30)
	at org.openqa.selenium.remote.ProtocolHandshake.lambda$createSession$0(ProtocolHandshake.java:126)
	at java.util.stream.ReferencePipeline$3$1.accept(ReferencePipeline.java:193)
	at java.util.Spliterators$ArraySpliterator.tryAdvance(Spliterators.java:958)
	at java.util.stream.ReferencePipeline.forEachWithCancel(ReferencePipeline.java:126)
	at java.util.stream.AbstractPipeline.copyIntoWithCancel(AbstractPipeline.java:498)
	at java.util.stream.AbstractPipeline.copyInto(AbstractPipeline.java:485)
	at java.util.stream.AbstractPipeline.wrapAndCopyInto(AbstractPipeline.java:471)
	at java.util.stream.FindOps$FindOp.evaluateSequential(FindOps.java:152)
	at java.util.stream.AbstractPipeline.evaluate(AbstractPipeline.java:234)
	at java.util.stream.ReferencePipeline.findFirst(ReferencePipeline.java:464)
	at org.openqa.selenium.remote.ProtocolHandshake.createSession(ProtocolHandshake.java:128)
	at org.openqa.selenium.remote.ProtocolHandshake.createSession(ProtocolHandshake.java:74)
	at org.openqa.selenium.remote.HttpCommandExecutor.execute(HttpCommandExecutor.java:136)
	at org.openqa.selenium.remote.service.DriverCommandExecutor.execute(DriverCommandExecutor.java:83)
	at org.openqa.selenium.remote.RemoteWebDriver.execute(RemoteWebDriver.java:552)
	at org.openqa.selenium.remote.RemoteWebDriver.startSession(RemoteWebDriver.java:213)
	at org.openqa.selenium.remote.RemoteWebDriver.&lt;init&gt;(RemoteWebDriver.java:131)
	at org.openqa.selenium.chrome.ChromeDriver.&lt;init&gt;(ChromeDriver.java:181)
	at org.openqa.selenium.chrome.ChromeDriver.&lt;init&gt;(ChromeDriver.java:168)
	at org.openqa.selenium.chrome.ChromeDriver.&lt;init&gt;(ChromeDriver.java:157)
	at joomla.common.SetUpBrowser.setupChromeBrowser(SetUpBrowser.java:20)
	at joomla.testcase.TestHelper.beforeClass(TestHelper.java:18)
... Removed 28 stack frames</div></td></tr></table><p class="totop"><a href="#summary">back to summary</a></p><h3 id="m1">joomla.testcase.TcJoomlaContacts001#afterClass</h3><table class="result"></table><p class="totop"><a href="#summary">back to summary</a></p><h3 id="m2">joomla.testcase.TcJoomlaContacts001#tc001</h3><table class="result"></table><p class="totop"><a href="#summary">back to summary</a></p><h2>TestFirefox</h2><h3 id="m3">joomla.testcase.TcJoomlaContacts001#beforeClass</h3><table class="result"><tr class="param"><th>Parameter #1</th></tr><tr class="param stripe"><td>firefox</td></tr><tr><th>Exception</th></tr><tr><td><div class="stacktrace">org.openqa.selenium.WebDriverException: permission denied
Build info: version: &apos;3.141.59&apos;, revision: &apos;e82be7d358&apos;, time: &apos;2018-11-14T08:17:03&apos;
System info: host: &apos;LGDN18-1211-W10&apos;, ip: &apos;192.168.190.247&apos;, os.name: &apos;Windows 10&apos;, os.arch: &apos;x86&apos;, os.version: &apos;10.0&apos;, java.version: &apos;1.8.0_91&apos;
Driver info: driver.version: FirefoxDriver
remote stacktrace: 
	at org.openqa.selenium.remote.W3CHandshakeResponse.lambda$errorHandler$0(W3CHandshakeResponse.java:62)
	at org.openqa.selenium.remote.HandshakeResponse.lambda$getResponseFunction$0(HandshakeResponse.java:30)
	at org.openqa.selenium.remote.ProtocolHandshake.lambda$createSession$0(ProtocolHandshake.java:126)
	at java.util.stream.ReferencePipeline$3$1.accept(ReferencePipeline.java:193)
	at java.util.Spliterators$ArraySpliterator.tryAdvance(Spliterators.java:958)
	at java.util.stream.ReferencePipeline.forEachWithCancel(ReferencePipeline.java:126)
	at java.util.stream.AbstractPipeline.copyIntoWithCancel(AbstractPipeline.java:498)
	at java.util.stream.AbstractPipeline.copyInto(AbstractPipeline.java:485)
	at java.util.stream.AbstractPipeline.wrapAndCopyInto(AbstractPipeline.java:471)
	at java.util.stream.FindOps$FindOp.evaluateSequential(FindOps.java:152)
	at java.util.stream.AbstractPipeline.evaluate(AbstractPipeline.java:234)
	at java.util.stream.ReferencePipeline.findFirst(ReferencePipeline.java:464)
	at org.openqa.selenium.remote.ProtocolHandshake.createSession(ProtocolHandshake.java:128)
	at org.openqa.selenium.remote.ProtocolHandshake.createSession(ProtocolHandshake.java:74)
	at org.openqa.selenium.remote.HttpCommandExecutor.execute(HttpCommandExecutor.java:136)
	at org.openqa.selenium.remote.service.DriverCommandExecutor.execute(DriverCommandExecutor.java:83)
	at org.openqa.selenium.remote.RemoteWebDriver.execute(RemoteWebDriver.java:552)
	at org.openqa.selenium.remote.RemoteWebDriver.startSession(RemoteWebDriver.java:213)
	at org.openqa.selenium.remote.RemoteWebDriver.&lt;init&gt;(RemoteWebDriver.java:131)
	at org.openqa.selenium.firefox.FirefoxDriver.&lt;init&gt;(FirefoxDriver.java:147)
	at org.openqa.selenium.firefox.FirefoxDriver.&lt;init&gt;(FirefoxDriver.java:125)
	at joomla.common.SetUpBrowser.setupFireFoxBrowser(SetUpBrowser.java:28)
	at joomla.testcase.TestHelper.beforeClass(TestHelper.java:22)
... Removed 28 stack frames</div></td></tr></table><p class="totop"><a href="#summary">back to summary</a></p><h3 id="m4">joomla.testcase.TcJoomlaContacts001#afterClass</h3><table class="result"></table><p class="totop"><a href="#summary">back to summary</a></p><h3 id="m5">joomla.testcase.TcJoomlaContacts001#tc001</h3><table class="result"></table><p class="totop"><a href="#summary">back to summary</a></p><h2>TestIE</h2><h3 id="m6">joomla.testcase.TcJoomlaContacts001#tc001</h3><table class="result"><tr><th>Exception</th></tr><tr><td><div class="stacktrace">org.openqa.selenium.NoSuchWindowException: Currently focused window has been closed.
Build info: version: &apos;3.141.59&apos;, revision: &apos;e82be7d358&apos;, time: &apos;2018-11-14T08:17:03&apos;
System info: host: &apos;LGDN18-1211-W10&apos;, ip: &apos;192.168.190.247&apos;, os.name: &apos;Windows 10&apos;, os.arch: &apos;x86&apos;, os.version: &apos;10.0&apos;, java.version: &apos;1.8.0_91&apos;
Driver info: org.openqa.selenium.ie.InternetExplorerDriver
Capabilities {acceptInsecureCerts: false, browserName: internet explorer, browserVersion: 11, javascriptEnabled: true, pageLoadStrategy: normal, platform: WINDOWS, platformName: WINDOWS, proxy: Proxy(), se:ieOptions: {browserAttachTimeout: 0, elementScrollBehavior: 0, enablePersistentHover: true, ie.browserCommandLineSwitches: , ie.edgechromium: false, ie.edgepath: , ie.ensureCleanSession: false, ie.fileUploadDialogTimeout: 3000, ie.forceCreateProcessApi: false, ignoreProtectedModeSettings: false, ignoreZoomSetting: false, initialBrowserUrl: http://localhost:48801/, nativeEvents: true, requireWindowFocus: false}, setWindowRect: true, strictFileInteractability: false, timeouts: {implicit: 0, pageLoad: 300000, script: 30000}, unhandledPromptBehavior: dismiss and notify}
Session ID: c03d269e-9b37-4d95-83ec-f537e83f46e3
*** Element info: {Using=id, value=mod-login-username}
	at org.openqa.selenium.remote.http.W3CHttpResponseCodec.createException(W3CHttpResponseCodec.java:187)
	at org.openqa.selenium.remote.http.W3CHttpResponseCodec.decode(W3CHttpResponseCodec.java:122)
	at org.openqa.selenium.remote.http.W3CHttpResponseCodec.decode(W3CHttpResponseCodec.java:49)
	at org.openqa.selenium.remote.HttpCommandExecutor.execute(HttpCommandExecutor.java:158)
	at org.openqa.selenium.remote.service.DriverCommandExecutor.execute(DriverCommandExecutor.java:83)
	at org.openqa.selenium.remote.RemoteWebDriver.execute(RemoteWebDriver.java:552)
	at org.openqa.selenium.remote.RemoteWebDriver.findElement(RemoteWebDriver.java:323)
	at org.openqa.selenium.remote.RemoteWebDriver.findElementById(RemoteWebDriver.java:372)
	at org.openqa.selenium.By$ById.findElement(By.java:188)
	at org.openqa.selenium.remote.RemoteWebDriver.findElement(RemoteWebDriver.java:315)
	at joomla.page.LoginPage.getTxtUsername(LoginPage.java:16)
	at joomla.page.LoginPage.login(LoginPage.java:30)
	at joomla.testcase.TcJoomlaContacts001.tc001(TcJoomlaContacts001.java:25)
... Removed 28 stack frames</div></td></tr></table><p class="totop"><a href="#summary">back to summary</a></p></body></html>